<?xml version="1.0" encoding="UTF-8"?>
<!-- Generated by org.testng.reporters.JUnitReportReporter -->
<testsuite skipped="0" hostname="vicky-PC" name="com.crm.qa.testcases.TaskPageTest" tests="2" failures="0" timestamp="2020-03-20T12:05:31 IST" time="49.338" errors="0">
  <testcase name="addnewtaskTest" time="24.708" classname="com.crm.qa.testcases.TaskPageTest"/>
  <system-out/>
  <testcase name="addnewtaskTest" time="24.630" classname="com.crm.qa.testcases.TaskPageTest"/>
  <system-out/>
</testsuite> <!-- com.crm.qa.testcases.TaskPageTest -->
