<?xml version="1.0" encoding="UTF-8"?>
<!-- Generated by org.testng.reporters.JUnitReportReporter -->
<testsuite skipped="0" hostname="vicky-PC" name="com.crm.qa.testcases.LoginPageTest" tests="3" failures="0" timestamp="2020-03-20T12:05:31 IST" time="46.447" errors="0">
  <testcase name="validateTheTittleTest" time="15.778" classname="com.crm.qa.testcases.LoginPageTest"/>
  <system-out/>
  <testcase name="validateTheURLTest" time="12.684" classname="com.crm.qa.testcases.LoginPageTest"/>
  <system-out/>
  <testcase name="loginTest" time="17.985" classname="com.crm.qa.testcases.LoginPageTest"/>
  <system-out/>
</testsuite> <!-- com.crm.qa.testcases.LoginPageTest -->
