<?xml version="1.0" encoding="UTF-8"?>
<!-- Generated by org.testng.reporters.JUnitReportReporter -->
<testsuite skipped="0" hostname="vicky-PC" name="com.crm.qa.testcases.CompaniesPageTest" tests="3" failures="0" timestamp="2020-03-20T12:05:31 IST" time="65.698" errors="0">
  <testcase name="verifyContactPageLabelTest" time="19.228" classname="com.crm.qa.testcases.CompaniesPageTest"/>
  <system-out/>
  <testcase name="addNewCompanyTest" time="23.074" classname="com.crm.qa.testcases.CompaniesPageTest"/>
  <system-out/>
  <testcase name="addNewCompanyTest" time="23.396" classname="com.crm.qa.testcases.CompaniesPageTest"/>
  <system-out/>
</testsuite> <!-- com.crm.qa.testcases.CompaniesPageTest -->
