<?xml version="1.0" encoding="UTF-8"?>
<!-- Generated by org.testng.reporters.JUnitReportReporter -->
<testsuite skipped="0" hostname="vicky-PC" name="com.crm.qa.testcases.demo" tests="1" failures="0" timestamp="2020-03-10T10:22:41 IST" time="54.300" errors="0">
  <testcase name="loginTest" time="54.300" classname="com.crm.qa.testcases.demo"/>
  <system-out/>
</testsuite> <!-- com.crm.qa.testcases.demo -->
