<?xml version="1.0" encoding="UTF-8"?>
<!-- Generated by org.testng.reporters.JUnitReportReporter -->
<testsuite skipped="0" hostname="vicky-PC" name="com.crm.qa.testcases.DealsPageTest" tests="1" failures="0" timestamp="2020-03-20T12:05:31 IST" time="18.414" errors="0">
  <testcase name="verifyDealsPageLabelTest" time="18.414" classname="com.crm.qa.testcases.DealsPageTest"/>
  <system-out/>
</testsuite> <!-- com.crm.qa.testcases.DealsPageTest -->
