<?xml version="1.0" encoding="UTF-8"?>
<!-- Generated by org.testng.reporters.JUnitReportReporter -->
<testsuite skipped="0" hostname="vicky-PC" name="com.crm.qa.testcases.DealsPageTest" tests="1" failures="0" timestamp="2020-04-06T11:58:19 IST" time="20.931" errors="0">
  <testcase name="verifyDealsPageLabelTest" time="20.931" classname="com.crm.qa.testcases.DealsPageTest"/>
  <system-out/>
</testsuite> <!-- com.crm.qa.testcases.DealsPageTest -->
