<?xml version="1.0" encoding="UTF-8"?>
<!-- Generated by org.testng.reporters.JUnitReportReporter -->
<testsuite skipped="0" hostname="vicky-PC" name="com.crm.qa.testcases.LoginPageTest" tests="3" failures="0" timestamp="2020-04-06T13:50:21 IST" time="84.049" errors="0">
  <testcase name="validateTheTittleTest" time="21.089" classname="com.crm.qa.testcases.LoginPageTest"/>
  <system-out/>
  <testcase name="validateTheURLTest" time="19.565" classname="com.crm.qa.testcases.LoginPageTest"/>
  <system-out/>
  <testcase name="loginTest" time="43.395" classname="com.crm.qa.testcases.LoginPageTest"/>
  <system-out/>
</testsuite> <!-- com.crm.qa.testcases.LoginPageTest -->
